{
  "0 debug pnpm:scope": {
    "selected": 1
  },
  "1 info pnpm": {
    "err": {
      "name": "Error",
      "message": "not found: o",
      "code": "ENOENT",
      "stack": "Error: not found: o\n    at getNotFoundError (/Users/lx/.cache/node/corepack/pnpm/6.32.12/dist/pnpm.cjs:41689:51)\n    at Function.whichSync [as sync] (/Users/lx/.cache/node/corepack/pnpm/6.32.12/dist/pnpm.cjs:41766:13)\n    at getCommandAbsolutePathSync (/Users/lx/.cache/node/corepack/pnpm/6.32.12/dist/pnpm.cjs:43331:44)\n    at default_1 (/Users/lx/.cache/node/corepack/pnpm/6.32.12/dist/pnpm.cjs:43340:32)\n    at /Users/lx/.cache/node/corepack/pnpm/6.32.12/dist/pnpm.cjs:179453:39"
    }
  },
  "2 error pnpm": {
    "code": "ERR_PNPM_RECURSIVE_EXEC_FIRST_FAIL",
    "prefix": "/Users/lx/Desktop/project/标准/dt-react-component",
    "err": {
      "name": "pnpm",
      "message": "not found: o",
      "code": "ERR_PNPM_RECURSIVE_EXEC_FIRST_FAIL",
      "stack": "Error: not found: o\n    at getNotFoundError (/Users/lx/.cache/node/corepack/pnpm/6.32.12/dist/pnpm.cjs:41689:51)\n    at Function.whichSync [as sync] (/Users/lx/.cache/node/corepack/pnpm/6.32.12/dist/pnpm.cjs:41766:13)\n    at getCommandAbsolutePathSync (/Users/lx/.cache/node/corepack/pnpm/6.32.12/dist/pnpm.cjs:43331:44)\n    at default_1 (/Users/lx/.cache/node/corepack/pnpm/6.32.12/dist/pnpm.cjs:43340:32)\n    at /Users/lx/.cache/node/corepack/pnpm/6.32.12/dist/pnpm.cjs:179453:39"
    }
  }
}